  rectangle.cpp
f:\code\oop\practice\tuan_09\1712358_virtualdynamicbinding\1712358_virtualdynamicbinding\rectangle.cpp(5): warning C4244: 'initializing': conversion from 'int' to 'float', possible loss of data
f:\code\oop\practice\tuan_09\1712358_virtualdynamicbinding\1712358_virtualdynamicbinding\rectangle.cpp(6): warning C4244: 'initializing': conversion from 'int' to 'float', possible loss of data
f:\code\oop\practice\tuan_09\1712358_virtualdynamicbinding\1712358_virtualdynamicbinding\rectangle.cpp(9): warning C4244: '=': conversion from 'int' to 'float', possible loss of data
f:\code\oop\practice\tuan_09\1712358_virtualdynamicbinding\1712358_virtualdynamicbinding\rectangle.cpp(10): warning C4244: '=': conversion from 'int' to 'float', possible loss of data
  main.cpp
f:\code\oop\practice\tuan_09\1712358_virtualdynamicbinding\1712358_virtualdynamicbinding\main.cpp(28): warning C4244: 'argument': conversion from 'time_t' to 'unsigned int', possible loss of data
f:\code\oop\practice\tuan_09\1712358_virtualdynamicbinding\1712358_virtualdynamicbinding\main.cpp(60): warning C4018: '<': signed/unsigned mismatch
  line.cpp
f:\code\oop\practice\tuan_09\1712358_virtualdynamicbinding\1712358_virtualdynamicbinding\line.cpp(5): warning C4244: 'initializing': conversion from 'int' to 'float', possible loss of data
f:\code\oop\practice\tuan_09\1712358_virtualdynamicbinding\1712358_virtualdynamicbinding\line.cpp(6): warning C4244: 'initializing': conversion from 'int' to 'float', possible loss of data
f:\code\oop\practice\tuan_09\1712358_virtualdynamicbinding\1712358_virtualdynamicbinding\line.cpp(9): warning C4244: '=': conversion from 'int' to 'float', possible loss of data
f:\code\oop\practice\tuan_09\1712358_virtualdynamicbinding\1712358_virtualdynamicbinding\line.cpp(10): warning C4244: '=': conversion from 'int' to 'float', possible loss of data
  elip.cpp
f:\code\oop\practice\tuan_09\1712358_virtualdynamicbinding\1712358_virtualdynamicbinding\elip.cpp(5): warning C4244: 'initializing': conversion from 'int' to 'float', possible loss of data
f:\code\oop\practice\tuan_09\1712358_virtualdynamicbinding\1712358_virtualdynamicbinding\elip.cpp(6): warning C4244: 'initializing': conversion from 'int' to 'float', possible loss of data
f:\code\oop\practice\tuan_09\1712358_virtualdynamicbinding\1712358_virtualdynamicbinding\elip.cpp(9): warning C4244: '=': conversion from 'int' to 'float', possible loss of data
f:\code\oop\practice\tuan_09\1712358_virtualdynamicbinding\1712358_virtualdynamicbinding\elip.cpp(10): warning C4244: '=': conversion from 'int' to 'float', possible loss of data
  Generating Code...
  1712358_VirtualDynamicBinding.vcxproj -> F:\code\OOP\practice\Tuan_09\1712358_VirtualDynamicBinding\Debug\1712358_VirtualDynamicBinding.exe
  1712358_VirtualDynamicBinding.vcxproj -> F:\code\OOP\practice\Tuan_09\1712358_VirtualDynamicBinding\Debug\1712358_VirtualDynamicBinding.pdb (Partial PDB)
